{"C:\\Users\\T-GAMER\\projetos\\vinezof-lab\\react-apps\\react-calculator\\src\\App.tsx": {"path":"C:\\Users\\T-GAMER\\projetos\\vinezof-lab\\react-apps\\react-calculator\\src\\App.tsx","statementMap":{"0":{"start":{"line":1,"column":0},"end":{"line":1,"column":null}},"1":{"start":{"line":6,"column":0},"end":{"line":6,"column":60}},"2":{"start":{"line":7,"column":0},"end":{"line":7,"column":83}},"3":{"start":{"line":10,"column":2},"end":{"line":15,"column":4}},"4":{"start":{"line":18,"column":0},"end":{"line":18,"column":19}}},"fnMap":{"0":{"name":"App","decl":{"start":{"line":9,"column":9},"end":{"line":9,"column":12}},"loc":{"start":{"line":9,"column":12},"end":{"line":16,"column":1}}}},"branchMap":{},"s":{"0":1,"1":1,"2":1,"3":4,"4":1},"f":{"0":4},"b":{}}
,"C:\\Users\\T-GAMER\\projetos\\vinezof-lab\\react-apps\\react-calculator\\src\\main.tsx": {"path":"C:\\Users\\T-GAMER\\projetos\\vinezof-lab\\react-apps\\react-calculator\\src\\main.tsx","statementMap":{"0":{"start":{"line":1,"column":0},"end":{"line":1,"column":35}},"1":{"start":{"line":2,"column":0},"end":{"line":2,"column":46}},"2":{"start":{"line":3,"column":0},"end":{"line":3,"column":28}},"3":{"start":{"line":5,"column":0},"end":{"line":5,"column":27}},"4":{"start":{"line":6,"column":0},"end":{"line":6,"column":41}},"5":{"start":{"line":8,"column":0},"end":{"line":14,"column":2}}},"fnMap":{},"branchMap":{},"s":{"0":1,"1":1,"2":1,"3":1,"4":1,"5":1},"f":{},"b":{}}
,"C:\\Users\\T-GAMER\\projetos\\vinezof-lab\\react-apps\\react-calculator\\src\\__tests__\\mocks\\@fluentui\\react-components.tsx": {"path":"C:\\Users\\T-GAMER\\projetos\\vinezof-lab\\react-apps\\react-calculator\\src\\__tests__\\mocks\\@fluentui\\react-components.tsx","statementMap":{"0":{"start":{"line":3,"column":30},"end":{"line":9,"column":1}},"1":{"start":{"line":4,"column":2},"end":{"line":8,"column":4}},"2":{"start":{"line":3,"column":13},"end":{"line":3,"column":30}},"3":{"start":{"line":11,"column":20},"end":{"line":12,"column":null}},"4":{"start":{"line":12,"column":2},"end":{"line":12,"column":42}},"5":{"start":{"line":11,"column":13},"end":{"line":11,"column":20}},"6":{"start":{"line":15,"column":21},"end":{"line":26,"column":null}},"7":{"start":{"line":24,"column":2},"end":{"line":25,"column":null}},"8":{"start":{"line":15,"column":13},"end":{"line":15,"column":21}},"9":{"start":{"line":29,"column":21},"end":{"line":35,"column":69}},"10":{"start":{"line":35,"column":6},"end":{"line":35,"column":69}},"11":{"start":{"line":29,"column":13},"end":{"line":29,"column":21}},"12":{"start":{"line":38,"column":13},"end":{"line":40,"column":2}}},"fnMap":{"0":{"name":"(anonymous_0)","decl":{"start":{"line":3,"column":30},"end":{"line":3,"column":31}},"loc":{"start":{"line":3,"column":78},"end":{"line":9,"column":1}}},"1":{"name":"(anonymous_1)","decl":{"start":{"line":11,"column":20},"end":{"line":11,"column":21}},"loc":{"start":{"line":12,"column":2},"end":{"line":12,"column":42}}},"2":{"name":"(anonymous_2)","decl":{"start":{"line":15,"column":21},"end":{"line":15,"column":22}},"loc":{"start":{"line":24,"column":2},"end":{"line":25,"column":null}}},"3":{"name":"(anonymous_3)","decl":{"start":{"line":29,"column":21},"end":{"line":29,"column":22}},"loc":{"start":{"line":35,"column":6},"end":{"line":35,"column":69}}}},"branchMap":{},"s":{"0":4,"1":4,"2":4,"3":4,"4":51,"5":4,"6":4,"7":3,"8":4,"9":4,"10":3,"11":4,"12":4},"f":{"0":4,"1":51,"2":3,"3":3},"b":{}}
,"C:\\Users\\T-GAMER\\projetos\\vinezof-lab\\react-apps\\react-calculator\\src\\components\\button\\button.tsx": {"path":"C:\\Users\\T-GAMER\\projetos\\vinezof-lab\\react-apps\\react-calculator\\src\\components\\button\\button.tsx","statementMap":{"0":{"start":{"line":1,"column":0},"end":{"line":1,"column":68}},"1":{"start":{"line":2,"column":0},"end":{"line":2,"column":35}},"2":{"start":{"line":10,"column":19},"end":{"line":15,"column":11}},"3":{"start":{"line":19,"column":15},"end":{"line":33,"column":null}},"4":{"start":{"line":21,"column":4},"end":{"line":31,"column":null}},"5":{"start":{"line":23,"column":21},"end":{"line":23,"column":35}},"6":{"start":{"line":36,"column":0},"end":{"line":36,"column":22}}},"fnMap":{"0":{"name":"(anonymous_0)","decl":{"start":{"line":20,"column":2},"end":{"line":20,"column":3}},"loc":{"start":{"line":21,"column":4},"end":{"line":31,"column":null}}},"1":{"name":"(anonymous_1)","decl":{"start":{"line":23,"column":15},"end":{"line":23,"column":18}},"loc":{"start":{"line":23,"column":21},"end":{"line":23,"column":35}}}},"branchMap":{"0":{"loc":{"start":{"line":29,"column":17},"end":{"line":29,"column":70}},"type":"cond-expr","locations":[{"start":{"line":29,"column":50},"end":{"line":29,"column":58}},{"start":{"line":29,"column":61},"end":{"line":29,"column":70}}]},"1":{"loc":{"start":{"line":29,"column":17},"end":{"line":29,"column":47}},"type":"binary-expr","locations":[{"start":{"line":29,"column":17},"end":{"line":29,"column":30}},{"start":{"line":29,"column":34},"end":{"line":29,"column":47}}]}},"s":{"0":1,"1":1,"2":1,"3":1,"4":13,"5":1,"6":1},"f":{"0":13,"1":1},"b":{"0":[2,11],"1":[13,12]}}
,"C:\\Users\\T-GAMER\\projetos\\vinezof-lab\\react-apps\\react-calculator\\src\\components\\calculator\\calculator.tsx": {"path":"C:\\Users\\T-GAMER\\projetos\\vinezof-lab\\react-apps\\react-calculator\\src\\components\\calculator\\calculator.tsx","statementMap":{"0":{"start":{"line":1,"column":0},"end":{"line":1,"column":50}},"1":{"start":{"line":2,"column":0},"end":{"line":2,"column":74}},"2":{"start":{"line":3,"column":0},"end":{"line":3,"column":38}},"3":{"start":{"line":4,"column":0},"end":{"line":4,"column":41}},"4":{"start":{"line":5,"column":0},"end":{"line":5,"column":41}},"5":{"start":{"line":6,"column":0},"end":{"line":6,"column":99}},"6":{"start":{"line":8,"column":29},"end":{"line":114,"column":1}},"7":{"start":{"line":9,"column":38},"end":{"line":9,"column":50}},"8":{"start":{"line":10,"column":32},"end":{"line":10,"column":54}},"9":{"start":{"line":12,"column":18},"end":{"line":33,"column":null}},"10":{"start":{"line":13,"column":10},"end":{"line":32,"column":null}},"11":{"start":{"line":36,"column":21},"end":{"line":36,"column":61}},"12":{"start":{"line":38,"column":28},"end":{"line":60,"column":null}},"13":{"start":{"line":40,"column":6},"end":{"line":58,"column":7}},"14":{"start":{"line":41,"column":8},"end":{"line":49,"column":9}},"15":{"start":{"line":42,"column":32},"end":{"line":42,"column":68}},"16":{"start":{"line":44,"column":25},"end":{"line":44,"column":56}},"17":{"start":{"line":45,"column":10},"end":{"line":45,"column":67}},"18":{"start":{"line":46,"column":10},"end":{"line":46,"column":43}},"19":{"start":{"line":48,"column":10},"end":{"line":48,"column":36}},"20":{"start":{"line":50,"column":13},"end":{"line":58,"column":7}},"21":{"start":{"line":51,"column":8},"end":{"line":51,"column":26}},"22":{"start":{"line":52,"column":13},"end":{"line":58,"column":7}},"23":{"start":{"line":53,"column":8},"end":{"line":53,"column":26}},"24":{"start":{"line":54,"column":8},"end":{"line":54,"column":23}},"25":{"start":{"line":56,"column":30},"end":{"line":56,"column":68}},"26":{"start":{"line":57,"column":8},"end":{"line":57,"column":37}},"27":{"start":{"line":63,"column":25},"end":{"line":75,"column":null}},"28":{"start":{"line":65,"column":22},"end":{"line":65,"column":27}},"29":{"start":{"line":67,"column":6},"end":{"line":73,"column":7}},"30":{"start":{"line":68,"column":8},"end":{"line":68,"column":31}},"31":{"start":{"line":69,"column":13},"end":{"line":73,"column":7}},"32":{"start":{"line":70,"column":8},"end":{"line":70,"column":31}},"33":{"start":{"line":71,"column":13},"end":{"line":73,"column":7}},"34":{"start":{"line":72,"column":8},"end":{"line":72,"column":51}},"35":{"start":{"line":72,"column":32},"end":{"line":72,"column":49}},"36":{"start":{"line":78,"column":26},"end":{"line":83,"column":3}},"37":{"start":{"line":79,"column":20},"end":{"line":79,"column":44}},"38":{"start":{"line":80,"column":4},"end":{"line":80,"column":51}},"39":{"start":{"line":80,"column":37},"end":{"line":80,"column":51}},"40":{"start":{"line":81,"column":4},"end":{"line":81,"column":54}},"41":{"start":{"line":81,"column":23},"end":{"line":81,"column":54}},"42":{"start":{"line":82,"column":4},"end":{"line":82,"column":43}},"43":{"start":{"line":85,"column":32},"end":{"line":88,"column":3}},"44":{"start":{"line":86,"column":4},"end":{"line":86,"column":62}},"45":{"start":{"line":86,"column":36},"end":{"line":86,"column":62}},"46":{"start":{"line":87,"column":4},"end":{"line":87,"column":62}},"47":{"start":{"line":87,"column":35},"end":{"line":87,"column":62}},"48":{"start":{"line":90,"column":2},"end":{"line":95,"column":35}},"49":{"start":{"line":91,"column":4},"end":{"line":91,"column":55}},"50":{"start":{"line":92,"column":4},"end":{"line":94,"column":6}},"51":{"start":{"line":93,"column":6},"end":{"line":93,"column":60}},"52":{"start":{"line":97,"column":2},"end":{"line":113,"column":4}},"53":{"start":{"line":102,"column":10},"end":{"line":103,"column":null}},"54":{"start":{"line":106,"column":26},"end":{"line":106,"column":56}},"55":{"start":{"line":107,"column":34},"end":{"line":107,"column":69}},"56":{"start":{"line":116,"column":0},"end":{"line":116,"column":26}}},"fnMap":{"0":{"name":"(anonymous_1)","decl":{"start":{"line":8,"column":29},"end":{"line":8,"column":32}},"loc":{"start":{"line":8,"column":34},"end":{"line":114,"column":1}}},"1":{"name":"(anonymous_2)","decl":{"start":{"line":13,"column":4},"end":{"line":13,"column":7}},"loc":{"start":{"line":13,"column":10},"end":{"line":32,"column":null}}},"2":{"name":"(anonymous_3)","decl":{"start":{"line":39,"column":4},"end":{"line":39,"column":5}},"loc":{"start":{"line":39,"column":22},"end":{"line":59,"column":5}}},"3":{"name":"(anonymous_4)","decl":{"start":{"line":64,"column":4},"end":{"line":64,"column":5}},"loc":{"start":{"line":64,"column":29},"end":{"line":74,"column":5}}},"4":{"name":"(anonymous_5)","decl":{"start":{"line":72,"column":22},"end":{"line":72,"column":23}},"loc":{"start":{"line":72,"column":32},"end":{"line":72,"column":49}}},"5":{"name":"(anonymous_6)","decl":{"start":{"line":78,"column":26},"end":{"line":78,"column":27}},"loc":{"start":{"line":78,"column":70},"end":{"line":83,"column":3}}},"6":{"name":"(anonymous_7)","decl":{"start":{"line":85,"column":32},"end":{"line":85,"column":33}},"loc":{"start":{"line":85,"column":78},"end":{"line":88,"column":3}}},"7":{"name":"(anonymous_8)","decl":{"start":{"line":90,"column":12},"end":{"line":90,"column":15}},"loc":{"start":{"line":90,"column":17},"end":{"line":95,"column":3}}},"8":{"name":"(anonymous_9)","decl":{"start":{"line":92,"column":11},"end":{"line":92,"column":14}},"loc":{"start":{"line":92,"column":16},"end":{"line":94,"column":5}}},"9":{"name":"(anonymous_10)","decl":{"start":{"line":101,"column":21},"end":{"line":101,"column":22}},"loc":{"start":{"line":102,"column":10},"end":{"line":103,"column":null}}},"10":{"name":"(anonymous_11)","decl":{"start":{"line":106,"column":17},"end":{"line":106,"column":18}},"loc":{"start":{"line":106,"column":26},"end":{"line":106,"column":56}}},"11":{"name":"(anonymous_12)","decl":{"start":{"line":107,"column":23},"end":{"line":107,"column":24}},"loc":{"start":{"line":107,"column":34},"end":{"line":107,"column":69}}}},"branchMap":{"0":{"loc":{"start":{"line":40,"column":6},"end":{"line":58,"column":7}},"type":"if","locations":[{"start":{"line":40,"column":6},"end":{"line":58,"column":7}},{"start":{"line":50,"column":13},"end":{"line":58,"column":7}}]},"1":{"loc":{"start":{"line":50,"column":13},"end":{"line":58,"column":7}},"type":"if","locations":[{"start":{"line":50,"column":13},"end":{"line":58,"column":7}},{"start":{"line":52,"column":13},"end":{"line":58,"column":7}}]},"2":{"loc":{"start":{"line":52,"column":13},"end":{"line":58,"column":7}},"type":"if","locations":[{"start":{"line":52,"column":13},"end":{"line":58,"column":7}},{"start":{"line":55,"column":13},"end":{"line":58,"column":7}}]},"3":{"loc":{"start":{"line":67,"column":6},"end":{"line":73,"column":7}},"type":"if","locations":[{"start":{"line":67,"column":6},"end":{"line":73,"column":7}},{"start":{"line":69,"column":13},"end":{"line":73,"column":7}}]},"4":{"loc":{"start":{"line":69,"column":13},"end":{"line":73,"column":7}},"type":"if","locations":[{"start":{"line":69,"column":13},"end":{"line":73,"column":7}},{"start":{"line":71,"column":13},"end":{"line":73,"column":7}}]},"5":{"loc":{"start":{"line":71,"column":13},"end":{"line":73,"column":7}},"type":"if","locations":[{"start":{"line":71,"column":13},"end":{"line":73,"column":7}}]},"6":{"loc":{"start":{"line":80,"column":4},"end":{"line":80,"column":51}},"type":"if","locations":[{"start":{"line":80,"column":4},"end":{"line":80,"column":51}}]},"7":{"loc":{"start":{"line":81,"column":4},"end":{"line":81,"column":54}},"type":"if","locations":[{"start":{"line":81,"column":4},"end":{"line":81,"column":54}}]},"8":{"loc":{"start":{"line":86,"column":4},"end":{"line":86,"column":62}},"type":"if","locations":[{"start":{"line":86,"column":4},"end":{"line":86,"column":62}}]},"9":{"loc":{"start":{"line":87,"column":4},"end":{"line":87,"column":62}},"type":"if","locations":[{"start":{"line":87,"column":4},"end":{"line":87,"column":62}}]}},"s":{"0":1,"1":1,"2":1,"3":1,"4":1,"5":1,"6":1,"7":48,"8":48,"9":48,"10":14,"11":48,"12":48,"13":33,"14":7,"15":7,"16":7,"17":6,"18":6,"19":1,"20":26,"21":1,"22":25,"23":1,"24":1,"25":24,"26":24,"27":48,"28":10,"29":10,"30":5,"31":5,"32":1,"33":4,"34":1,"35":1,"36":48,"37":3,"38":3,"39":1,"40":3,"41":1,"42":3,"43":48,"44":3,"45":2,"46":3,"47":1,"48":48,"49":48,"50":48,"51":48,"52":48,"53":864,"54":1728,"55":3,"56":1},"f":{"0":48,"1":14,"2":33,"3":10,"4":1,"5":3,"6":3,"7":48,"8":48,"9":864,"10":1728,"11":3},"b":{"0":[7,26],"1":[1,25],"2":[1,24],"3":[5,5],"4":[1,4],"5":[1],"6":[1],"7":[1],"8":[2],"9":[1]}}
,"C:\\Users\\T-GAMER\\projetos\\vinezof-lab\\react-apps\\react-calculator\\src\\components\\display\\display.tsx": {"path":"C:\\Users\\T-GAMER\\projetos\\vinezof-lab\\react-apps\\react-calculator\\src\\components\\display\\display.tsx","statementMap":{"0":{"start":{"line":1,"column":0},"end":{"line":1,"column":58}},"1":{"start":{"line":7,"column":40},"end":{"line":10,"column":null}},"2":{"start":{"line":8,"column":2},"end":{"line":9,"column":null}},"3":{"start":{"line":13,"column":0},"end":{"line":13,"column":23}}},"fnMap":{"0":{"name":"(anonymous_0)","decl":{"start":{"line":7,"column":40},"end":{"line":7,"column":41}},"loc":{"start":{"line":8,"column":2},"end":{"line":9,"column":null}}}},"branchMap":{"0":{"loc":{"start":{"line":9,"column":18},"end":{"line":9,"column":30}},"type":"binary-expr","locations":[{"start":{"line":9,"column":18},"end":{"line":9,"column":23}},{"start":{"line":9,"column":27},"end":{"line":9,"column":30}}]}},"s":{"0":1,"1":1,"2":3,"3":1},"f":{"0":3},"b":{"0":[3,1]}}
,"C:\\Users\\T-GAMER\\projetos\\vinezof-lab\\react-apps\\react-calculator\\src\\components\\history\\history.tsx": {"path":"C:\\Users\\T-GAMER\\projetos\\vinezof-lab\\react-apps\\react-calculator\\src\\components\\history\\history.tsx","statementMap":{"0":{"start":{"line":5,"column":40},"end":{"line":13,"column":null}},"1":{"start":{"line":6,"column":2},"end":{"line":12,"column":null}},"2":{"start":{"line":10,"column":8},"end":{"line":10,"column":25}},"3":{"start":{"line":16,"column":0},"end":{"line":16,"column":23}}},"fnMap":{"0":{"name":"(anonymous_0)","decl":{"start":{"line":5,"column":40},"end":{"line":5,"column":41}},"loc":{"start":{"line":6,"column":2},"end":{"line":12,"column":null}}},"1":{"name":"(anonymous_1)","decl":{"start":{"line":9,"column":19},"end":{"line":9,"column":20}},"loc":{"start":{"line":10,"column":8},"end":{"line":10,"column":25}}}},"branchMap":{},"s":{"0":1,"1":4,"2":6,"3":1},"f":{"0":4,"1":6},"b":{}}
,"C:\\Users\\T-GAMER\\projetos\\vinezof-lab\\react-apps\\react-calculator\\src\\components\\keyboard-shortcuts\\keyboard-shortcuts.tsx": {"path":"C:\\Users\\T-GAMER\\projetos\\vinezof-lab\\react-apps\\react-calculator\\src\\components\\keyboard-shortcuts\\keyboard-shortcuts.tsx","statementMap":{"0":{"start":{"line":1,"column":0},"end":{"line":1,"column":50}},"1":{"start":{"line":3,"column":36},"end":{"line":34,"column":1}},"2":{"start":{"line":4,"column":20},"end":{"line":20,"column":4}},"3":{"start":{"line":22,"column":2},"end":{"line":33,"column":4}},"4":{"start":{"line":27,"column":10},"end":{"line":27,"column":null}},"5":{"start":{"line":36,"column":0},"end":{"line":36,"column":33}}},"fnMap":{"0":{"name":"(anonymous_0)","decl":{"start":{"line":3,"column":36},"end":{"line":3,"column":39}},"loc":{"start":{"line":3,"column":41},"end":{"line":34,"column":1}}},"1":{"name":"(anonymous_1)","decl":{"start":{"line":26,"column":23},"end":{"line":26,"column":24}},"loc":{"start":{"line":27,"column":10},"end":{"line":27,"column":null}}}},"branchMap":{},"s":{"0":1,"1":1,"2":3,"3":3,"4":27,"5":1},"f":{"0":3,"1":27},"b":{}}
,"C:\\Users\\T-GAMER\\projetos\\vinezof-lab\\react-apps\\react-calculator\\src\\utils\\math-operations\\math-operations.ts": {"path":"C:\\Users\\T-GAMER\\projetos\\vinezof-lab\\react-apps\\react-calculator\\src\\utils\\math-operations\\math-operations.ts","statementMap":{"0":{"start":{"line":1,"column":0},"end":{"line":1,"column":34}},"1":{"start":{"line":3,"column":34},"end":{"line":21,"column":1}},"2":{"start":{"line":7,"column":2},"end":{"line":7,"column":29}},"3":{"start":{"line":7,"column":19},"end":{"line":7,"column":29}},"4":{"start":{"line":10,"column":2},"end":{"line":10,"column":58}},"5":{"start":{"line":13,"column":2},"end":{"line":13,"column":48}},"6":{"start":{"line":16,"column":2},"end":{"line":18,"column":3}},"7":{"start":{"line":17,"column":4},"end":{"line":17,"column":52}},"8":{"start":{"line":20,"column":2},"end":{"line":20,"column":20}},"9":{"start":{"line":3,"column":13},"end":{"line":3,"column":34}},"10":{"start":{"line":23,"column":34},"end":{"line":26,"column":1}},"11":{"start":{"line":24,"column":23},"end":{"line":24,"column":63}},"12":{"start":{"line":25,"column":2},"end":{"line":25,"column":39}},"13":{"start":{"line":23,"column":13},"end":{"line":23,"column":34}},"14":{"start":{"line":28,"column":32},"end":{"line":34,"column":1}},"15":{"start":{"line":29,"column":2},"end":{"line":31,"column":3}},"16":{"start":{"line":30,"column":4},"end":{"line":30,"column":42}},"17":{"start":{"line":33,"column":2},"end":{"line":33,"column":30}},"18":{"start":{"line":28,"column":13},"end":{"line":28,"column":32}}},"fnMap":{"0":{"name":"(anonymous_0)","decl":{"start":{"line":3,"column":34},"end":{"line":3,"column":null}},"loc":{"start":{"line":6,"column":12},"end":{"line":21,"column":1}}},"1":{"name":"(anonymous_1)","decl":{"start":{"line":23,"column":34},"end":{"line":23,"column":35}},"loc":{"start":{"line":23,"column":66},"end":{"line":26,"column":1}}},"2":{"name":"(anonymous_2)","decl":{"start":{"line":28,"column":32},"end":{"line":28,"column":33}},"loc":{"start":{"line":28,"column":63},"end":{"line":34,"column":1}}}},"branchMap":{"0":{"loc":{"start":{"line":7,"column":2},"end":{"line":7,"column":29}},"type":"if","locations":[{"start":{"line":7,"column":2},"end":{"line":7,"column":29}}]},"1":{"loc":{"start":{"line":16,"column":2},"end":{"line":18,"column":3}},"type":"if","locations":[{"start":{"line":16,"column":2},"end":{"line":18,"column":3}}]},"2":{"loc":{"start":{"line":29,"column":2},"end":{"line":31,"column":3}},"type":"if","locations":[{"start":{"line":29,"column":2},"end":{"line":31,"column":3}}]}},"s":{"0":2,"1":2,"2":47,"3":1,"4":46,"5":46,"6":46,"7":11,"8":46,"9":2,"10":2,"11":30,"12":30,"13":2,"14":2,"15":15,"16":1,"17":14,"18":2},"f":{"0":47,"1":30,"2":15},"b":{"0":[1],"1":[11],"2":[1]}}
}
