TN:
SF:src\App.tsx
FN:9,App
FNF:1
FNH:1
FNDA:4,App
DA:1,1
DA:6,1
DA:7,1
DA:10,4
DA:18,1
LF:5
LH:5
BRF:0
BRH:0
end_of_record
TN:
SF:src\main.tsx
FNF:0
FNH:0
DA:1,1
DA:2,1
DA:3,1
DA:5,1
DA:6,1
DA:8,1
LF:6
LH:6
BRF:0
BRH:0
end_of_record
TN:
SF:src\__tests__\mocks\@fluentui\react-components.tsx
FN:3,(anonymous_0)
FN:11,(anonymous_1)
FN:15,(anonymous_2)
FN:29,(anonymous_3)
FNF:4
FNH:4
FNDA:4,(anonymous_0)
FNDA:51,(anonymous_1)
FNDA:3,(anonymous_2)
FNDA:3,(anonymous_3)
DA:3,4
DA:4,4
DA:11,4
DA:12,51
DA:15,4
DA:24,3
DA:29,4
DA:35,3
DA:38,4
LF:9
LH:9
BRF:0
BRH:0
end_of_record
TN:
SF:src\components\button\button.tsx
FN:20,(anonymous_0)
FN:23,(anonymous_1)
FNF:2
FNH:2
FNDA:13,(anonymous_0)
FNDA:1,(anonymous_1)
DA:1,1
DA:2,1
DA:10,1
DA:19,1
DA:21,13
DA:23,1
DA:36,1
LF:7
LH:7
BRDA:29,0,0,2
BRDA:29,0,1,11
BRDA:29,1,0,13
BRDA:29,1,1,12
BRF:4
BRH:4
end_of_record
TN:
SF:src\components\calculator\calculator.tsx
FN:8,(anonymous_1)
FN:13,(anonymous_2)
FN:39,(anonymous_3)
FN:64,(anonymous_4)
FN:72,(anonymous_5)
FN:78,(anonymous_6)
FN:85,(anonymous_7)
FN:90,(anonymous_8)
FN:92,(anonymous_9)
FN:101,(anonymous_10)
FN:106,(anonymous_11)
FN:107,(anonymous_12)
FNF:12
FNH:12
FNDA:48,(anonymous_1)
FNDA:14,(anonymous_2)
FNDA:33,(anonymous_3)
FNDA:10,(anonymous_4)
FNDA:1,(anonymous_5)
FNDA:3,(anonymous_6)
FNDA:3,(anonymous_7)
FNDA:48,(anonymous_8)
FNDA:48,(anonymous_9)
FNDA:864,(anonymous_10)
FNDA:1728,(anonymous_11)
FNDA:3,(anonymous_12)
DA:1,1
DA:2,1
DA:3,1
DA:4,1
DA:5,1
DA:6,1
DA:8,1
DA:9,48
DA:10,48
DA:12,48
DA:13,14
DA:36,48
DA:38,48
DA:40,33
DA:41,7
DA:42,7
DA:44,7
DA:45,6
DA:46,6
DA:48,1
DA:50,26
DA:51,1
DA:52,25
DA:53,1
DA:54,1
DA:56,24
DA:57,24
DA:63,48
DA:65,10
DA:67,10
DA:68,5
DA:69,5
DA:70,1
DA:71,4
DA:72,1
DA:78,48
DA:79,3
DA:80,3
DA:81,3
DA:82,3
DA:85,48
DA:86,3
DA:87,3
DA:90,48
DA:91,48
DA:92,48
DA:93,48
DA:97,48
DA:102,864
DA:106,1728
DA:107,3
DA:116,1
LF:52
LH:52
BRDA:40,0,0,7
BRDA:40,0,1,26
BRDA:50,1,0,1
BRDA:50,1,1,25
BRDA:52,2,0,1
BRDA:52,2,1,24
BRDA:67,3,0,5
BRDA:67,3,1,5
BRDA:69,4,0,1
BRDA:69,4,1,4
BRDA:71,5,0,1
BRDA:80,6,0,1
BRDA:81,7,0,1
BRDA:86,8,0,2
BRDA:87,9,0,1
BRF:15
BRH:15
end_of_record
TN:
SF:src\components\display\display.tsx
FN:7,(anonymous_0)
FNF:1
FNH:1
FNDA:3,(anonymous_0)
DA:1,1
DA:7,1
DA:8,3
DA:13,1
LF:4
LH:4
BRDA:9,0,0,3
BRDA:9,0,1,1
BRF:2
BRH:2
end_of_record
TN:
SF:src\components\history\history.tsx
FN:5,(anonymous_0)
FN:9,(anonymous_1)
FNF:2
FNH:2
FNDA:4,(anonymous_0)
FNDA:6,(anonymous_1)
DA:5,1
DA:6,4
DA:10,6
DA:16,1
LF:4
LH:4
BRF:0
BRH:0
end_of_record
TN:
SF:src\components\keyboard-shortcuts\keyboard-shortcuts.tsx
FN:3,(anonymous_0)
FN:21,(anonymous_1)
FNF:2
FNH:2
FNDA:3,(anonymous_0)
FNDA:21,(anonymous_1)
DA:1,1
DA:3,1
DA:4,3
DA:17,3
DA:22,21
DA:31,1
LF:6
LH:6
BRF:0
BRH:0
end_of_record
TN:
SF:src\utils\math-operations\math-operations.ts
FN:3,(anonymous_0)
FN:23,(anonymous_1)
FN:28,(anonymous_2)
FNF:3
FNH:3
FNDA:47,(anonymous_0)
FNDA:30,(anonymous_1)
FNDA:15,(anonymous_2)
DA:1,2
DA:3,2
DA:7,47
DA:10,46
DA:13,46
DA:16,46
DA:17,11
DA:20,46
DA:23,2
DA:24,30
DA:25,30
DA:28,2
DA:29,15
DA:30,1
DA:33,14
LF:15
LH:15
BRDA:7,0,0,1
BRDA:16,1,0,11
BRDA:29,2,0,1
BRF:3
BRH:3
end_of_record
